========================================
[2026年 3月30日 星期一 11时25分11秒 CST] 开始重启服务
端口: 3000
项目根目录: /Users/wulingyang/Documents/workspace/ai-opc-prodcut
========================================
[2026年 3月30日 星期一 11时25分11秒 CST] 正在查找占用端口 3000 的进程...
[2026年 3月30日 星期一 11时25分11秒 CST] 发现进程: 89363
90664
[2026年 3月30日 星期一 11时25分11秒 CST] 已终止进程
[2026年 3月30日 星期一 11时25分11秒 CST] 等待端口释放...
[2026年 3月30日 星期一 11时25分13秒 CST] 准备启动服务: npm run dev
[2026年 3月30日 星期一 11时25分13秒 CST] 服务已启动，PID: 2979
========================================

> my-project@0.1.0 dev
> next dev

▲ Next.js 16.2.0 (Turbopack)
- Local:         http://localhost:3000
- Network:       http://192.168.10.50:3000
- Environments: .env.local
✓ Ready in 281ms

 GET /admin/dashboard?menu=system 200 in 890ms (next.js: 502ms, application-code: 388ms)
 GET / 200 in 880ms (next.js: 372ms, application-code: 508ms)
 GET /admin/dashboard?menu=system 200 in 90ms (next.js: 3ms, application-code: 87ms)
 GET /api/admin/auth 200 in 152ms (next.js: 76ms, application-code: 76ms)
 GET /api/admin/pages 200 in 154ms (next.js: 146ms, application-code: 7ms)
 GET /api/admin/themes 200 in 174ms (next.js: 170ms, application-code: 4ms)
 GET /api/admin/system/info 200 in 23ms (next.js: 19ms, application-code: 3ms)
 GET /api/admin/system/info 200 in 5ms (next.js: 2ms, application-code: 3ms)
 GET /api/admin/pages 200 in 5ms (next.js: 2ms, application-code: 3ms)
 GET /api/admin/themes 200 in 6ms (next.js: 3ms, application-code: 2ms)
[browser] Accessing element.ref was removed in React 19. ref is now a regular prop. It will be removed from the JSX Element type in a future release. 
 POST /api/admin/super-admin-token 401 in 67ms (next.js: 59ms, application-code: 8ms)
 POST /api/admin/super-admin-token 200 in 16ms (next.js: 4ms, application-code: 12ms)
[browser] ⨯ unhandledRejection: TypeError: CopyReactDOM.render is not a function
    at new Promise (<anonymous>)
    at onClick (app/admin/dashboard/components/system/system-management.tsx:387:25)
  385 |               onClick={() => {
  386 |                 navigator.clipboard.writeText(superAdminToken)
> 387 |                 Message.success('口令已复制到剪贴板')
      |                         ^
  388 |               }}
  389 |             >
  390 |               复制口令
[?25h
